<?xml version="1.0" encoding="UTF-8"?>
<!-- Generated by org.testng.reporters.JUnitReportReporter -->
<testsuite hostname="HELLOWORLD" name="com.dcits.testng_demo.basicAnnotation.at_Test.TestDemo10" tests="10" failures="0" timestamp="20 Aug 2019 03:00:01 GMT" time="0.087" errors="0">
  <testcase name="test1" time="0.000" classname="com.dcits.testng_demo.basicAnnotation.at_Test.TestDemo10"/>
  <testcase name="test1" time="0.040" classname="com.dcits.testng_demo.basicAnnotation.at_Test.TestDemo10"/>
  <testcase name="test1" time="0.002" classname="com.dcits.testng_demo.basicAnnotation.at_Test.TestDemo10"/>
  <testcase name="test1" time="0.002" classname="com.dcits.testng_demo.basicAnnotation.at_Test.TestDemo10"/>
  <testcase name="test1" time="0.018" classname="com.dcits.testng_demo.basicAnnotation.at_Test.TestDemo10"/>
  <testcase name="test1" time="0.002" classname="com.dcits.testng_demo.basicAnnotation.at_Test.TestDemo10"/>
  <testcase name="test1" time="0.002" classname="com.dcits.testng_demo.basicAnnotation.at_Test.TestDemo10"/>
  <testcase name="test1" time="0.001" classname="com.dcits.testng_demo.basicAnnotation.at_Test.TestDemo10"/>
  <testcase name="test1" time="0.002" classname="com.dcits.testng_demo.basicAnnotation.at_Test.TestDemo10"/>
  <testcase name="test1" time="0.018" classname="com.dcits.testng_demo.basicAnnotation.at_Test.TestDemo10"/>
</testsuite> <!-- com.dcits.testng_demo.basicAnnotation.at_Test.TestDemo10 -->
