<?xml version="1.0" encoding="UTF-8"?>
<!-- Generated by org.testng.reporters.JUnitReportReporter -->
<testsuite hostname="HELLOWORLD" name="com.dcits.testng_demo.basicAnnotation.at_Factory.Factory" tests="8" failures="0" timestamp="20 Aug 2019 02:38:50 GMT" time="0.018" errors="0">
  <testcase name="test1" time="0.001" classname="com.dcits.testng_demo.basicAnnotation.at_Factory.Factory"/>
  <testcase name="test1" time="0.000" classname="com.dcits.testng_demo.basicAnnotation.at_Factory.Factory"/>
  <testcase name="test2" time="0.000" classname="com.dcits.testng_demo.basicAnnotation.at_Factory.Factory"/>
  <testcase name="test1" time="0.015" classname="com.dcits.testng_demo.basicAnnotation.at_Factory.Factory"/>
  <testcase name="test2" time="0.001" classname="com.dcits.testng_demo.basicAnnotation.at_Factory.Factory"/>
  <testcase name="test2" time="0.001" classname="com.dcits.testng_demo.basicAnnotation.at_Factory.Factory"/>
  <testcase name="test2" time="0.000" classname="com.dcits.testng_demo.basicAnnotation.at_Factory.Factory"/>
  <testcase name="test1" time="0.000" classname="com.dcits.testng_demo.basicAnnotation.at_Factory.Factory"/>
</testsuite> <!-- com.dcits.testng_demo.basicAnnotation.at_Factory.Factory -->
